<?xml version="1.0" encoding="UTF-8"?>
<testng-results skipped="0" failed="0" ignored="0" total="1" passed="1">
  <reporter-output>
  </reporter-output>
  <suite name="Suite" duration-ms="43347" started-at="2021-05-22T15:17:48Z" finished-at="2021-05-22T15:18:31Z">
    <groups>
    </groups>
    <test name="BirstExercise" duration-ms="43347" started-at="2021-05-22T15:17:48Z" finished-at="2021-05-22T15:18:31Z">
      <class name="com.birst.excercise.testscripts.BirstVerification">
        <test-method status="PASS" signature="launchBrowser()[pri:0, instance:com.birst.excercise.testscripts.BirstVerification@2b98378d]" name="launchBrowser" is-config="true" duration-ms="17745" started-at="2021-05-22T15:17:48Z" finished-at="2021-05-22T15:18:06Z">
          <reporter-output>
          </reporter-output>
        </test-method> <!-- launchBrowser -->
        <test-method status="PASS" signature="verifyBirst()[pri:0, instance:com.birst.excercise.testscripts.BirstVerification@2b98378d]" name="verifyBirst" duration-ms="24768" started-at="2021-05-22T15:18:06Z" finished-at="2021-05-22T15:18:30Z">
          <reporter-output>
          </reporter-output>
        </test-method> <!-- verifyBirst -->
        <test-method status="PASS" signature="closeBrowser()[pri:0, instance:com.birst.excercise.testscripts.BirstVerification@2b98378d]" name="closeBrowser" is-config="true" duration-ms="816" started-at="2021-05-22T15:18:30Z" finished-at="2021-05-22T15:18:31Z">
          <reporter-output>
          </reporter-output>
        </test-method> <!-- closeBrowser -->
      </class> <!-- com.birst.excercise.testscripts.BirstVerification -->
    </test> <!-- BirstExercise -->
  </suite> <!-- Suite -->
</testng-results>
