<?xml version="1.0" encoding="UTF-8"?>
<testng-results skipped="0" failed="0" ignored="0" total="1" passed="1">
  <reporter-output>
  </reporter-output>
  <suite name="Suite" duration-ms="24526" started-at="2021-05-22T18:29:19Z" finished-at="2021-05-22T18:29:43Z">
    <groups>
    </groups>
    <test name="InforAssessment" duration-ms="24526" started-at="2021-05-22T18:29:19Z" finished-at="2021-05-22T18:29:43Z">
      <class name="com.birst.testscripts.BirstVerification">
        <test-method status="PASS" signature="launchBrowser()[pri:0, instance:com.birst.testscripts.BirstVerification@2b98378d]" name="launchBrowser" is-config="true" duration-ms="6083" started-at="2021-05-22T18:29:19Z" finished-at="2021-05-22T18:29:25Z">
          <reporter-output>
          </reporter-output>
        </test-method> <!-- launchBrowser -->
        <test-method status="PASS" signature="verifyBirst()[pri:0, instance:com.birst.testscripts.BirstVerification@2b98378d]" name="verifyBirst" duration-ms="17367" started-at="2021-05-22T18:29:25Z" finished-at="2021-05-22T18:29:42Z">
          <reporter-output>
          </reporter-output>
        </test-method> <!-- verifyBirst -->
        <test-method status="PASS" signature="closeBrowser()[pri:0, instance:com.birst.testscripts.BirstVerification@2b98378d]" name="closeBrowser" is-config="true" duration-ms="1046" started-at="2021-05-22T18:29:42Z" finished-at="2021-05-22T18:29:43Z">
          <reporter-output>
          </reporter-output>
        </test-method> <!-- closeBrowser -->
      </class> <!-- com.birst.testscripts.BirstVerification -->
    </test> <!-- InforAssessment -->
  </suite> <!-- Suite -->
</testng-results>
